[2019-08-12 11:15:12] 
        Ошибка: Страница не найдена | 
        Файл: W:\domains\PhpShop\public\index.php | 
        Строка 8
---------------
[2019-08-12 11:15:24] 
        Ошибка: Страница не найдена | 
        Файл: W:\domains\PhpShop\public\index.php | 
        Строка 8
---------------
[2019-08-12 11:15:24] 
        Ошибка: Страница не найдена | 
        Файл: W:\domains\PhpShop\public\index.php | 
        Строка 8
---------------
[2019-08-12 11:16:10] 
        Ошибка: Страница не найдена | 
        Файл: W:\domains\PhpShop\public\index.php | 
        Строка 8
---------------
[2019-08-12 11:16:10] 
        Ошибка: Страница не найдена | 
        Файл: W:\domains\PhpShop\public\index.php | 
        Строка 8
---------------
[2019-08-12 11:16:10] 
        Ошибка: Страница не найдена | 
        Файл: W:\domains\PhpShop\public\index.php | 
        Строка 8
---------------
[2019-08-12 11:16:38] 
        Ошибка: Страница не найдена | 
        Файл: W:\domains\PhpShop\public\index.php | 
        Строка 8
---------------
[2019-08-12 11:16:38] 
        Ошибка: Страница не найдена | 
        Файл: W:\domains\PhpShop\public\index.php | 
        Строка 8
---------------
[2019-08-12 11:16:38] 
        Ошибка: Страница не найдена | 
        Файл: W:\domains\PhpShop\public\index.php | 
        Строка 8
---------------
[2019-08-12 11:26:39] 
        Ошибка: Страница не найдена | 
        Файл: W:\domains\PhpShop\public\index.php | 
        Строка 8
---------------
[2019-08-12 11:26:39] 
        Ошибка: Страница не найдена | 
        Файл: W:\domains\PhpShop\public\index.php | 
        Строка 8
---------------
[2019-08-12 11:26:43] 
        Ошибка: Страница не найдена | 
        Файл: W:\domains\PhpShop\public\index.php | 
        Строка 8
---------------
[2019-08-12 11:26:43] 
        Ошибка: Страница не найдена | 
        Файл: W:\domains\PhpShop\public\index.php | 
        Строка 8
---------------
[2019-08-12 11:26:43] 
        Ошибка: Страница не найдена | 
        Файл: W:\domains\PhpShop\public\index.php | 
        Строка 8
---------------
[2019-08-12 11:26:43] 
        Ошибка: Страница не найдена | 
        Файл: W:\domains\PhpShop\public\index.php | 
        Строка 8
---------------
[2019-08-12 11:26:43] 
        Ошибка: Страница не найдена | 
        Файл: W:\domains\PhpShop\public\index.php | 
        Строка 8
---------------
[2019-08-12 11:26:43] 
        Ошибка: Страница не найдена | 
        Файл: W:\domains\PhpShop\public\index.php | 
        Строка 8
---------------
[2019-08-12 11:26:45] 
        Ошибка: Страница не найдена | 
        Файл: W:\domains\PhpShop\public\index.php | 
        Строка 8
---------------
[2019-08-12 11:26:45] 
        Ошибка: Страница не найдена | 
        Файл: W:\domains\PhpShop\public\index.php | 
        Строка 8
---------------
[2019-08-12 11:26:47] 
        Ошибка: Страница не найдена | 
        Файл: W:\domains\PhpShop\public\index.php | 
        Строка 8
---------------
[2019-08-12 11:26:47] 
        Ошибка: Страница не найдена | 
        Файл: W:\domains\PhpShop\public\index.php | 
        Строка 8
---------------
[2019-08-12 11:26:47] 
        Ошибка: Страница не найдена | 
        Файл: W:\domains\PhpShop\public\index.php | 
        Строка 8
---------------
[2019-08-12 11:26:47] 
        Ошибка: Страница не найдена | 
        Файл: W:\domains\PhpShop\public\index.php | 
        Строка 8
---------------
[2019-08-12 11:27:17] 
        Ошибка: Страница не найдена | 
        Файл: W:\domains\PhpShop\public\index.php | 
        Строка 8
---------------
[2019-08-12 11:27:17] 
        Ошибка: Страница не найдена | 
        Файл: W:\domains\PhpShop\public\index.php | 
        Строка 8
---------------
[2019-08-12 11:27:19] 
        Ошибка: Страница не найдена | 
        Файл: W:\domains\PhpShop\public\index.php | 
        Строка 8
---------------
[2019-08-12 11:27:19] 
        Ошибка: Страница не найдена | 
        Файл: W:\domains\PhpShop\public\index.php | 
        Строка 8
---------------
[2019-08-12 11:27:19] 
        Ошибка: Страница не найдена | 
        Файл: W:\domains\PhpShop\public\index.php | 
        Строка 8
---------------
[2019-08-12 11:27:20] 
        Ошибка: Страница не найдена | 
        Файл: W:\domains\PhpShop\public\index.php | 
        Строка 8
---------------
[2019-08-12 11:27:20] 
        Ошибка: Страница не найдена | 
        Файл: W:\domains\PhpShop\public\index.php | 
        Строка 8
---------------
[2019-08-12 11:27:20] 
        Ошибка: Страница не найдена | 
        Файл: W:\domains\PhpShop\public\index.php | 
        Строка 8
---------------
[2019-08-12 11:27:20] 
        Ошибка: Страница не найдена | 
        Файл: W:\domains\PhpShop\public\index.php | 
        Строка 8
---------------
[2019-08-12 11:27:21] 
        Ошибка: Страница не найдена | 
        Файл: W:\domains\PhpShop\public\index.php | 
        Строка 8
---------------
[2019-08-12 11:27:21] 
        Ошибка: Страница не найдена | 
        Файл: W:\domains\PhpShop\public\index.php | 
        Строка 8
---------------
[2019-08-12 11:27:21] 
        Ошибка: Страница не найдена | 
        Файл: W:\domains\PhpShop\public\index.php | 
        Строка 8
---------------
[2019-08-12 11:27:34] 
        Ошибка: Страница не найдена | 
        Файл: W:\domains\PhpShop\public\index.php | 
        Строка 8
---------------
[2019-08-12 11:27:34] 
        Ошибка: Страница не найдена | 
        Файл: W:\domains\PhpShop\public\index.php | 
        Строка 8
---------------
[2019-08-12 11:27:35] 
        Ошибка: Страница не найдена | 
        Файл: W:\domains\PhpShop\public\index.php | 
        Строка 8
---------------
[2019-08-12 11:27:35] 
        Ошибка: Страница не найдена | 
        Файл: W:\domains\PhpShop\public\index.php | 
        Строка 8
---------------
[2019-08-12 11:27:35] 
        Ошибка: Страница не найдена | 
        Файл: W:\domains\PhpShop\public\index.php | 
        Строка 8
---------------
[2019-08-12 11:27:35] 
        Ошибка: Страница не найдена | 
        Файл: W:\domains\PhpShop\public\index.php | 
        Строка 8
---------------
[2019-08-12 11:27:35] 
        Ошибка: Страница не найдена | 
        Файл: W:\domains\PhpShop\public\index.php | 
        Строка 8
---------------
[2019-08-12 11:27:35] 
        Ошибка: Страница не найдена | 
        Файл: W:\domains\PhpShop\public\index.php | 
        Строка 8
---------------
[2019-08-12 11:27:36] 
        Ошибка: Страница не найдена | 
        Файл: W:\domains\PhpShop\public\index.php | 
        Строка 8
---------------
[2019-08-12 11:27:36] 
        Ошибка: Страница не найдена | 
        Файл: W:\domains\PhpShop\public\index.php | 
        Строка 8
---------------
[2019-08-12 11:27:37] 
        Ошибка: Страница не найдена | 
        Файл: W:\domains\PhpShop\public\index.php | 
        Строка 8
---------------
[2019-08-12 11:27:37] 
        Ошибка: Страница не найдена | 
        Файл: W:\domains\PhpShop\public\index.php | 
        Строка 8
---------------
[2019-08-12 11:27:37] 
        Ошибка: Страница не найдена | 
        Файл: W:\domains\PhpShop\public\index.php | 
        Строка 8
---------------
[2019-08-12 11:27:37] 
        Ошибка: Страница не найдена | 
        Файл: W:\domains\PhpShop\public\index.php | 
        Строка 8
---------------
[2019-08-12 11:27:38] 
        Ошибка: Страница не найдена | 
        Файл: W:\domains\PhpShop\public\index.php | 
        Строка 8
---------------
[2019-08-12 11:27:38] 
        Ошибка: Страница не найдена | 
        Файл: W:\domains\PhpShop\public\index.php | 
        Строка 8
---------------
[2019-08-12 11:28:01] 
        Ошибка: Страница не найдена | 
        Файл: W:\domains\PhpShop\public\index.php | 
        Строка 8
---------------
[2019-08-12 11:28:01] 
        Ошибка: Страница не найдена | 
        Файл: W:\domains\PhpShop\public\index.php | 
        Строка 8
---------------
[2019-08-12 11:28:01] 
        Ошибка: Страница не найдена | 
        Файл: W:\domains\PhpShop\public\index.php | 
        Строка 8
---------------
[2019-08-12 11:28:01] 
        Ошибка: Страница не найдена | 
        Файл: W:\domains\PhpShop\public\index.php | 
        Строка 8
---------------
[2019-08-12 11:28:01] 
        Ошибка: Страница не найдена | 
        Файл: W:\domains\PhpShop\public\index.php | 
        Строка 8
---------------
[2019-08-12 11:28:01] 
        Ошибка: Страница не найдена | 
        Файл: W:\domains\PhpShop\public\index.php | 
        Строка 8
---------------
[2019-08-12 11:28:01] 
        Ошибка: Страница не найдена | 
        Файл: W:\domains\PhpShop\public\index.php | 
        Строка 8
---------------
[2019-08-12 11:28:01] 
        Ошибка: Страница не найдена | 
        Файл: W:\domains\PhpShop\public\index.php | 
        Строка 8
---------------
[2019-08-12 11:28:02] 
        Ошибка: Страница не найдена | 
        Файл: W:\domains\PhpShop\public\index.php | 
        Строка 8
---------------
[2019-08-12 11:28:02] 
        Ошибка: Страница не найдена | 
        Файл: W:\domains\PhpShop\public\index.php | 
        Строка 8
---------------
[2019-08-12 11:28:02] 
        Ошибка: Страница не найдена | 
        Файл: W:\domains\PhpShop\public\index.php | 
        Строка 8
---------------
[2019-08-12 11:28:02] 
        Ошибка: Страница не найдена | 
        Файл: W:\domains\PhpShop\public\index.php | 
        Строка 8
---------------
[2019-08-12 11:28:02] 
        Ошибка: Страница не найдена | 
        Файл: W:\domains\PhpShop\public\index.php | 
        Строка 8
---------------
[2019-08-12 11:28:02] 
        Ошибка: Страница не найдена | 
        Файл: W:\domains\PhpShop\public\index.php | 
        Строка 8
---------------
[2019-08-12 11:28:27] 
        Ошибка: Страница не найдена | 
        Файл: W:\domains\PhpShop\public\index.php | 
        Строка 8
---------------
[2019-08-12 11:28:29] 
        Ошибка: Страница не найдена | 
        Файл: W:\domains\PhpShop\public\index.php | 
        Строка 8
---------------
[2019-08-12 11:28:29] 
        Ошибка: Страница не найдена | 
        Файл: W:\domains\PhpShop\public\index.php | 
        Строка 8
---------------
[2019-08-12 11:28:29] 
        Ошибка: Страница не найдена | 
        Файл: W:\domains\PhpShop\public\index.php | 
        Строка 8
---------------
[2019-08-12 11:28:29] 
        Ошибка: Страница не найдена | 
        Файл: W:\domains\PhpShop\public\index.php | 
        Строка 8
---------------
[2019-08-12 11:28:30] 
        Ошибка: Страница не найдена | 
        Файл: W:\domains\PhpShop\public\index.php | 
        Строка 8
---------------
[2019-08-12 11:28:30] 
        Ошибка: Страница не найдена | 
        Файл: W:\domains\PhpShop\public\index.php | 
        Строка 8
---------------
[2019-08-12 11:28:30] 
        Ошибка: Страница не найдена | 
        Файл: W:\domains\PhpShop\public\index.php | 
        Строка 8
---------------
[2019-08-12 11:28:30] 
        Ошибка: Страница не найдена | 
        Файл: W:\domains\PhpShop\public\index.php | 
        Строка 8
---------------
[2019-08-12 11:28:30] 
        Ошибка: Страница не найдена | 
        Файл: W:\domains\PhpShop\public\index.php | 
        Строка 8
---------------
[2019-08-12 11:28:30] 
        Ошибка: Страница не найдена | 
        Файл: W:\domains\PhpShop\public\index.php | 
        Строка 8
---------------
[2019-08-12 11:28:31] 
        Ошибка: Страница не найдена | 
        Файл: W:\domains\PhpShop\public\index.php | 
        Строка 8
---------------
[2019-08-12 11:28:31] 
        Ошибка: Страница не найдена | 
        Файл: W:\domains\PhpShop\public\index.php | 
        Строка 8
---------------
[2019-08-12 11:28:32] 
        Ошибка: Страница не найдена | 
        Файл: W:\domains\PhpShop\public\index.php | 
        Строка 8
---------------
[2019-08-12 11:28:32] 
        Ошибка: Страница не найдена | 
        Файл: W:\domains\PhpShop\public\index.php | 
        Строка 8
---------------
[2019-08-12 11:28:32] 
        Ошибка: Страница не найдена | 
        Файл: W:\domains\PhpShop\public\index.php | 
        Строка 8
---------------
[2019-08-12 11:28:32] 
        Ошибка: Страница не найдена | 
        Файл: W:\domains\PhpShop\public\index.php | 
        Строка 8
---------------
[2019-08-12 11:28:32] 
        Ошибка: Страница не найдена | 
        Файл: W:\domains\PhpShop\public\index.php | 
        Строка 8
---------------
[2019-08-12 11:28:33] 
        Ошибка: Страница не найдена | 
        Файл: W:\domains\PhpShop\public\index.php | 
        Строка 8
---------------
[2019-08-12 11:28:33] 
        Ошибка: Страница не найдена | 
        Файл: W:\domains\PhpShop\public\index.php | 
        Строка 8
---------------
[2019-08-12 11:28:33] 
        Ошибка: Страница не найдена | 
        Файл: W:\domains\PhpShop\public\index.php | 
        Строка 8
---------------
[2019-08-12 11:29:16] 
        Ошибка: Страница не найдена | 
        Файл: W:\domains\PhpShop\public\index.php | 
        Строка 8
---------------
[2019-08-12 11:29:16] 
        Ошибка: Страница не найдена | 
        Файл: W:\domains\PhpShop\public\index.php | 
        Строка 8
---------------
[2019-08-12 11:29:17] 
        Ошибка: Страница не найдена | 
        Файл: W:\domains\PhpShop\public\index.php | 
        Строка 8
---------------
[2019-08-12 11:29:17] 
        Ошибка: Страница не найдена | 
        Файл: W:\domains\PhpShop\public\index.php | 
        Строка 8
---------------
[2019-08-12 11:29:17] 
        Ошибка: Страница не найдена | 
        Файл: W:\domains\PhpShop\public\index.php | 
        Строка 8
---------------
[2019-08-12 11:29:17] 
        Ошибка: Страница не найдена | 
        Файл: W:\domains\PhpShop\public\index.php | 
        Строка 8
---------------
[2019-08-12 11:29:18] 
        Ошибка: Страница не найдена | 
        Файл: W:\domains\PhpShop\public\index.php | 
        Строка 8
---------------
[2019-08-12 11:29:18] 
        Ошибка: Страница не найдена | 
        Файл: W:\domains\PhpShop\public\index.php | 
        Строка 8
---------------
[2019-08-12 11:29:18] 
        Ошибка: Страница не найдена | 
        Файл: W:\domains\PhpShop\public\index.php | 
        Строка 8
---------------
[2019-08-12 11:29:18] 
        Ошибка: Страница не найдена | 
        Файл: W:\domains\PhpShop\public\index.php | 
        Строка 8
---------------
[2019-08-12 11:32:19] 
        Ошибка: Страница не найдена | 
        Файл: W:\domains\PhpShop\public\index.php | 
        Строка 8
---------------
[2019-08-12 11:32:19] 
        Ошибка: Страница не найдена | 
        Файл: W:\domains\PhpShop\public\index.php | 
        Строка 8
---------------
[2019-08-12 11:32:19] 
        Ошибка: Страница не найдена | 
        Файл: W:\domains\PhpShop\public\index.php | 
        Строка 8
---------------
[2019-08-12 11:32:19] 
        Ошибка: Страница не найдена | 
        Файл: W:\domains\PhpShop\public\index.php | 
        Строка 8
---------------
[2019-08-12 11:32:19] 
        Ошибка: Страница не найдена | 
        Файл: W:\domains\PhpShop\public\index.php | 
        Строка 8
---------------
[2019-08-12 11:32:19] 
        Ошибка: Страница не найдена | 
        Файл: W:\domains\PhpShop\public\index.php | 
        Строка 8
---------------
[2019-08-12 11:32:19] 
        Ошибка: Страница не найдена | 
        Файл: W:\domains\PhpShop\public\index.php | 
        Строка 8
---------------
[2019-08-12 11:32:19] 
        Ошибка: Страница не найдена | 
        Файл: W:\domains\PhpShop\public\index.php | 
        Строка 8
---------------
[2019-08-12 11:34:29] 
        Ошибка: Страница не найдена | 
        Файл: W:\domains\PhpShop\public\index.php | 
        Строка 8
---------------
[2019-08-12 11:34:30] 
        Ошибка: Страница не найдена | 
        Файл: W:\domains\PhpShop\public\index.php | 
        Строка 8
---------------
[2019-08-12 11:34:30] 
        Ошибка: Страница не найдена | 
        Файл: W:\domains\PhpShop\public\index.php | 
        Строка 8
---------------
[2019-08-12 11:34:30] 
        Ошибка: Страница не найдена | 
        Файл: W:\domains\PhpShop\public\index.php | 
        Строка 8
---------------
[2019-08-12 11:34:30] 
        Ошибка: Страница не найдена | 
        Файл: W:\domains\PhpShop\public\index.php | 
        Строка 8
---------------
[2019-08-12 11:34:30] 
        Ошибка: Страница не найдена | 
        Файл: W:\domains\PhpShop\public\index.php | 
        Строка 8
---------------
[2019-08-12 11:34:30] 
        Ошибка: Страница не найдена | 
        Файл: W:\domains\PhpShop\public\index.php | 
        Строка 8
---------------
[2019-08-12 11:34:30] 
        Ошибка: Страница не найдена | 
        Файл: W:\domains\PhpShop\public\index.php | 
        Строка 8
---------------
[2019-08-12 11:34:30] 
        Ошибка: Страница не найдена | 
        Файл: W:\domains\PhpShop\public\index.php | 
        Строка 8
---------------
[2019-08-12 11:34:30] 
        Ошибка: Страница не найдена | 
        Файл: W:\domains\PhpShop\public\index.php | 
        Строка 8
---------------
[2019-08-12 11:34:31] 
        Ошибка: Страница не найдена | 
        Файл: W:\domains\PhpShop\public\index.php | 
        Строка 8
---------------
[2019-08-12 11:34:31] 
        Ошибка: Страница не найдена | 
        Файл: W:\domains\PhpShop\public\index.php | 
        Строка 8
---------------
[2019-08-12 11:34:31] 
        Ошибка: Страница не найдена | 
        Файл: W:\domains\PhpShop\public\index.php | 
        Строка 8
---------------
[2019-08-12 11:34:31] 
        Ошибка: Страница не найдена | 
        Файл: W:\domains\PhpShop\public\index.php | 
        Строка 8
---------------
[2019-08-12 11:34:31] 
        Ошибка: Страница не найдена | 
        Файл: W:\domains\PhpShop\public\index.php | 
        Строка 8
---------------
[2019-08-12 11:34:31] 
        Ошибка: Страница не найдена | 
        Файл: W:\domains\PhpShop\public\index.php | 
        Строка 8
---------------
[2019-08-12 11:34:31] 
        Ошибка: Страница не найдена | 
        Файл: W:\domains\PhpShop\public\index.php | 
        Строка 8
---------------
[2019-08-12 11:34:31] 
        Ошибка: Страница не найдена | 
        Файл: W:\domains\PhpShop\public\index.php | 
        Строка 8
---------------
[2019-08-12 11:34:32] 
        Ошибка: Страница не найдена | 
        Файл: W:\domains\PhpShop\public\index.php | 
        Строка 8
---------------
[2019-08-12 11:34:32] 
        Ошибка: Страница не найдена | 
        Файл: W:\domains\PhpShop\public\index.php | 
        Строка 8
---------------
[2019-08-12 11:34:41] 
        Ошибка: Страница не найдена | 
        Файл: W:\domains\PhpShop\public\index.php | 
        Строка 8
---------------
[2019-08-12 11:34:41] 
        Ошибка: Страница не найдена | 
        Файл: W:\domains\PhpShop\public\index.php | 
        Строка 8
---------------
[2019-08-12 11:34:42] 
        Ошибка: Страница не найдена | 
        Файл: W:\domains\PhpShop\public\index.php | 
        Строка 8
---------------
[2019-08-12 11:34:42] 
        Ошибка: Страница не найдена | 
        Файл: W:\domains\PhpShop\public\index.php | 
        Строка 8
---------------
[2019-08-12 11:34:42] 
        Ошибка: Страница не найдена | 
        Файл: W:\domains\PhpShop\public\index.php | 
        Строка 8
---------------
[2019-08-12 11:34:42] 
        Ошибка: Страница не найдена | 
        Файл: W:\domains\PhpShop\public\index.php | 
        Строка 8
---------------
[2019-08-12 11:34:49] 
        Ошибка: Страница не найдена | 
        Файл: W:\domains\PhpShop\public\index.php | 
        Строка 8
---------------
[2019-08-12 11:34:50] 
        Ошибка: Страница не найдена | 
        Файл: W:\domains\PhpShop\public\index.php | 
        Строка 8
---------------
[2019-08-12 11:34:50] 
        Ошибка: Страница не найдена | 
        Файл: W:\domains\PhpShop\public\index.php | 
        Строка 8
---------------
[2019-08-12 11:34:50] 
        Ошибка: Страница не найдена | 
        Файл: W:\domains\PhpShop\public\index.php | 
        Строка 8
---------------
[2019-08-12 11:34:50] 
        Ошибка: Страница не найдена | 
        Файл: W:\domains\PhpShop\public\index.php | 
        Строка 8
---------------
[2019-08-12 11:34:50] 
        Ошибка: Страница не найдена | 
        Файл: W:\domains\PhpShop\public\index.php | 
        Строка 8
---------------
[2019-08-12 11:34:51] 
        Ошибка: Страница не найдена | 
        Файл: W:\domains\PhpShop\public\index.php | 
        Строка 8
---------------
[2019-08-12 11:34:51] 
        Ошибка: Страница не найдена | 
        Файл: W:\domains\PhpShop\public\index.php | 
        Строка 8
---------------
[2019-08-12 11:34:57] 
        Ошибка: Страница не найдена | 
        Файл: W:\domains\PhpShop\public\index.php | 
        Строка 8
---------------
[2019-08-12 11:34:57] 
        Ошибка: Страница не найдена | 
        Файл: W:\domains\PhpShop\public\index.php | 
        Строка 8
---------------
[2019-08-12 11:34:57] 
        Ошибка: Страница не найдена | 
        Файл: W:\domains\PhpShop\public\index.php | 
        Строка 8
---------------
[2019-08-12 11:36:20] 
        Ошибка: Страница не найдена | 
        Файл: W:\domains\PhpShop\public\index.php | 
        Строка 8
---------------
[2019-08-12 11:40:28] 
        Ошибка: Страница не найдена | 
        Файл: W:\domains\PhpShop\public\index.php | 
        Строка 8
---------------
[2019-08-12 11:40:28] 
        Ошибка: Страница не найдена | 
        Файл: W:\domains\PhpShop\public\index.php | 
        Строка 8
---------------
[2019-08-12 11:40:29] 
        Ошибка: Страница не найдена | 
        Файл: W:\domains\PhpShop\public\index.php | 
        Строка 8
---------------
[2019-08-12 11:40:29] 
        Ошибка: Страница не найдена | 
        Файл: W:\domains\PhpShop\public\index.php | 
        Строка 8
---------------
[2019-08-12 11:40:29] 
        Ошибка: Страница не найдена | 
        Файл: W:\domains\PhpShop\public\index.php | 
        Строка 8
---------------
[2019-08-12 11:40:29] 
        Ошибка: Страница не найдена | 
        Файл: W:\domains\PhpShop\public\index.php | 
        Строка 8
---------------
[2019-08-12 11:40:30] 
        Ошибка: Страница не найдена | 
        Файл: W:\domains\PhpShop\public\index.php | 
        Строка 8
---------------
[2019-08-12 11:40:30] 
        Ошибка: Страница не найдена | 
        Файл: W:\domains\PhpShop\public\index.php | 
        Строка 8
---------------
[2019-08-12 11:40:30] 
        Ошибка: Страница не найдена | 
        Файл: W:\domains\PhpShop\public\index.php | 
        Строка 8
---------------
[2019-08-12 11:40:30] 
        Ошибка: Страница не найдена | 
        Файл: W:\domains\PhpShop\public\index.php | 
        Строка 8
---------------
[2019-08-12 11:40:35] 
        Ошибка: Страница не найдена | 
        Файл: W:\domains\PhpShop\public\index.php | 
        Строка 8
---------------
[2019-08-12 11:40:35] 
        Ошибка: Страница не найдена | 
        Файл: W:\domains\PhpShop\public\index.php | 
        Строка 8
---------------
[2019-08-12 11:40:54] 
        Ошибка: Страница не найдена | 
        Файл: W:\domains\PhpShop\public\index.php | 
        Строка 8
---------------
[2019-08-12 11:40:54] 
        Ошибка: Страница не найдена | 
        Файл: W:\domains\PhpShop\public\index.php | 
        Строка 8
---------------
[2019-08-12 11:40:54] 
        Ошибка: Страница не найдена | 
        Файл: W:\domains\PhpShop\public\index.php | 
        Строка 8
---------------
[2019-08-12 11:40:54] 
        Ошибка: Страница не найдена | 
        Файл: W:\domains\PhpShop\public\index.php | 
        Строка 8
---------------
[2019-08-12 11:40:54] 
        Ошибка: Страница не найдена | 
        Файл: W:\domains\PhpShop\public\index.php | 
        Строка 8
---------------
[2019-08-12 11:40:54] 
        Ошибка: Страница не найдена | 
        Файл: W:\domains\PhpShop\public\index.php | 
        Строка 8
---------------
[2019-08-12 11:40:55] 
        Ошибка: Страница не найдена | 
        Файл: W:\domains\PhpShop\public\index.php | 
        Строка 8
---------------
[2019-08-12 11:40:55] 
        Ошибка: Страница не найдена | 
        Файл: W:\domains\PhpShop\public\index.php | 
        Строка 8
---------------
[2019-08-12 11:40:57] 
        Ошибка: Страница не найдена | 
        Файл: W:\domains\PhpShop\public\index.php | 
        Строка 8
---------------
[2019-08-12 11:40:57] 
        Ошибка: Страница не найдена | 
        Файл: W:\domains\PhpShop\public\index.php | 
        Строка 8
---------------
[2019-08-12 11:40:57] 
        Ошибка: Страница не найдена | 
        Файл: W:\domains\PhpShop\public\index.php | 
        Строка 8
---------------
[2019-08-12 11:40:58] 
        Ошибка: Страница не найдена | 
        Файл: W:\domains\PhpShop\public\index.php | 
        Строка 8
---------------
[2019-08-12 11:40:58] 
        Ошибка: Страница не найдена | 
        Файл: W:\domains\PhpShop\public\index.php | 
        Строка 8
---------------
[2019-08-12 11:40:58] 
        Ошибка: Страница не найдена | 
        Файл: W:\domains\PhpShop\public\index.php | 
        Строка 8
---------------
[2019-08-12 11:40:58] 
        Ошибка: Страница не найдена | 
        Файл: W:\domains\PhpShop\public\index.php | 
        Строка 8
---------------
[2019-08-12 11:40:58] 
        Ошибка: Страница не найдена | 
        Файл: W:\domains\PhpShop\public\index.php | 
        Строка 8
---------------
[2019-08-12 11:40:59] 
        Ошибка: Страница не найдена | 
        Файл: W:\domains\PhpShop\public\index.php | 
        Строка 8
---------------
[2019-08-12 11:40:59] 
        Ошибка: Страница не найдена | 
        Файл: W:\domains\PhpShop\public\index.php | 
        Строка 8
---------------
[2019-08-12 11:42:13] 
        Ошибка: Страница не найдена | 
        Файл: W:\domains\PhpShop\public\index.php | 
        Строка 8
---------------
[2019-08-12 11:42:13] 
        Ошибка: Страница не найдена | 
        Файл: W:\domains\PhpShop\public\index.php | 
        Строка 8
---------------
[2019-08-12 11:42:13] 
        Ошибка: Страница не найдена | 
        Файл: W:\domains\PhpShop\public\index.php | 
        Строка 8
---------------
[2019-08-12 11:42:13] 
        Ошибка: Страница не найдена | 
        Файл: W:\domains\PhpShop\public\index.php | 
        Строка 8
---------------
[2019-08-12 11:42:13] 
        Ошибка: Страница не найдена | 
        Файл: W:\domains\PhpShop\public\index.php | 
        Строка 8
---------------
[2019-08-12 11:42:14] 
        Ошибка: Страница не найдена | 
        Файл: W:\domains\PhpShop\public\index.php | 
        Строка 8
---------------
[2019-08-12 11:42:14] 
        Ошибка: Страница не найдена | 
        Файл: W:\domains\PhpShop\public\index.php | 
        Строка 8
---------------
[2019-08-12 11:42:14] 
        Ошибка: Страница не найдена | 
        Файл: W:\domains\PhpShop\public\index.php | 
        Строка 8
---------------
[2019-08-12 11:42:14] 
        Ошибка: Страница не найдена | 
        Файл: W:\domains\PhpShop\public\index.php | 
        Строка 8
---------------
[2019-08-12 11:42:14] 
        Ошибка: Страница не найдена | 
        Файл: W:\domains\PhpShop\public\index.php | 
        Строка 8
---------------
[2019-08-12 11:42:14] 
        Ошибка: Страница не найдена | 
        Файл: W:\domains\PhpShop\public\index.php | 
        Строка 8
---------------
[2019-08-12 11:42:14] 
        Ошибка: Страница не найдена | 
        Файл: W:\domains\PhpShop\public\index.php | 
        Строка 8
---------------
[2019-08-12 11:42:14] 
        Ошибка: Страница не найдена | 
        Файл: W:\domains\PhpShop\public\index.php | 
        Строка 8
---------------
[2019-08-12 11:42:14] 
        Ошибка: Страница не найдена | 
        Файл: W:\domains\PhpShop\public\index.php | 
        Строка 8
---------------
[2019-08-12 11:42:15] 
        Ошибка: Страница не найдена | 
        Файл: W:\domains\PhpShop\public\index.php | 
        Строка 8
---------------
[2019-08-12 11:42:15] 
        Ошибка: Страница не найдена | 
        Файл: W:\domains\PhpShop\public\index.php | 
        Строка 8
---------------
[2019-08-12 11:42:15] 
        Ошибка: Страница не найдена | 
        Файл: W:\domains\PhpShop\public\index.php | 
        Строка 8
---------------
[2019-08-12 11:42:15] 
        Ошибка: Страница не найдена | 
        Файл: W:\domains\PhpShop\public\index.php | 
        Строка 8
---------------
[2019-08-12 11:42:15] 
        Ошибка: Страница не найдена | 
        Файл: W:\domains\PhpShop\public\index.php | 
        Строка 8
---------------
[2019-08-12 11:42:15] 
        Ошибка: Страница не найдена | 
        Файл: W:\domains\PhpShop\public\index.php | 
        Строка 8
---------------
[2019-08-12 11:42:37] 
        Ошибка: Страница не найдена | 
        Файл: W:\domains\PhpShop\public\index.php | 
        Строка 8
---------------
[2019-08-12 11:42:37] 
        Ошибка: Страница не найдена | 
        Файл: W:\domains\PhpShop\public\index.php | 
        Строка 8
---------------
[2019-08-12 11:42:38] 
        Ошибка: Страница не найдена | 
        Файл: W:\domains\PhpShop\public\index.php | 
        Строка 8
---------------
[2019-08-12 11:42:38] 
        Ошибка: Страница не найдена | 
        Файл: W:\domains\PhpShop\public\index.php | 
        Строка 8
---------------
[2019-08-12 11:42:38] 
        Ошибка: Страница не найдена | 
        Файл: W:\domains\PhpShop\public\index.php | 
        Строка 8
---------------
[2019-08-12 11:42:44] 
        Ошибка: Страница не найдена | 
        Файл: W:\domains\PhpShop\public\index.php | 
        Строка 8
---------------
[2019-08-12 11:42:44] 
        Ошибка: Страница не найдена | 
        Файл: W:\domains\PhpShop\public\index.php | 
        Строка 8
---------------
[2019-08-12 11:42:44] 
        Ошибка: Страница не найдена | 
        Файл: W:\domains\PhpShop\public\index.php | 
        Строка 8
---------------
[2019-08-12 11:42:44] 
        Ошибка: Страница не найдена | 
        Файл: W:\domains\PhpShop\public\index.php | 
        Строка 8
---------------
[2019-08-12 11:42:45] 
        Ошибка: Страница не найдена | 
        Файл: W:\domains\PhpShop\public\index.php | 
        Строка 8
---------------
[2019-08-12 11:42:45] 
        Ошибка: Страница не найдена | 
        Файл: W:\domains\PhpShop\public\index.php | 
        Строка 8
---------------
[2019-08-12 11:43:28] 
        Ошибка: Страница не найдена | 
        Файл: W:\domains\PhpShop\public\index.php | 
        Строка 8
---------------
[2019-08-12 11:43:28] 
        Ошибка: Страница не найдена | 
        Файл: W:\domains\PhpShop\public\index.php | 
        Строка 8
---------------
[2019-08-12 11:43:28] 
        Ошибка: Страница не найдена | 
        Файл: W:\domains\PhpShop\public\index.php | 
        Строка 8
---------------
[2019-08-12 11:43:29] 
        Ошибка: Страница не найдена | 
        Файл: W:\domains\PhpShop\public\index.php | 
        Строка 8
---------------
[2019-08-12 11:43:29] 
        Ошибка: Страница не найдена | 
        Файл: W:\domains\PhpShop\public\index.php | 
        Строка 8
---------------
[2019-08-12 11:43:29] 
        Ошибка: Страница не найдена | 
        Файл: W:\domains\PhpShop\public\index.php | 
        Строка 8
---------------
[2019-08-12 11:43:30] 
        Ошибка: Страница не найдена | 
        Файл: W:\domains\PhpShop\public\index.php | 
        Строка 8
---------------
[2019-08-12 11:43:30] 
        Ошибка: Страница не найдена | 
        Файл: W:\domains\PhpShop\public\index.php | 
        Строка 8
---------------
[2019-08-12 11:43:30] 
        Ошибка: Страница не найдена | 
        Файл: W:\domains\PhpShop\public\index.php | 
        Строка 8
---------------
[2019-08-12 11:43:31] 
        Ошибка: Страница не найдена | 
        Файл: W:\domains\PhpShop\public\index.php | 
        Строка 8
---------------
[2019-08-12 11:43:34] 
        Ошибка: Страница не найдена | 
        Файл: W:\domains\PhpShop\public\index.php | 
        Строка 8
---------------
[2019-08-12 11:43:35] 
        Ошибка: Страница не найдена | 
        Файл: W:\domains\PhpShop\public\index.php | 
        Строка 8
---------------
[2019-08-12 11:43:35] 
        Ошибка: Страница не найдена | 
        Файл: W:\domains\PhpShop\public\index.php | 
        Строка 8
---------------
[2019-08-12 11:43:36] 
        Ошибка: Страница не найдена | 
        Файл: W:\domains\PhpShop\public\index.php | 
        Строка 8
---------------
[2019-08-12 11:43:36] 
        Ошибка: Страница не найдена | 
        Файл: W:\domains\PhpShop\public\index.php | 
        Строка 8
---------------
[2019-08-12 11:43:37] 
        Ошибка: Страница не найдена | 
        Файл: W:\domains\PhpShop\public\index.php | 
        Строка 8
---------------
[2019-08-12 11:44:48] 
        Ошибка: Страница не найдена | 
        Файл: W:\domains\PhpShop\public\index.php | 
        Строка 8
---------------
[2019-08-12 11:44:49] 
        Ошибка: Страница не найдена | 
        Файл: W:\domains\PhpShop\public\index.php | 
        Строка 8
---------------
[2019-08-12 11:44:49] 
        Ошибка: Страница не найдена | 
        Файл: W:\domains\PhpShop\public\index.php | 
        Строка 8
---------------
[2019-08-12 11:44:49] 
        Ошибка: Страница не найдена | 
        Файл: W:\domains\PhpShop\public\index.php | 
        Строка 8
---------------
[2019-08-12 11:44:49] 
        Ошибка: Страница не найдена | 
        Файл: W:\domains\PhpShop\public\index.php | 
        Строка 8
---------------
[2019-08-12 11:44:50] 
        Ошибка: Страница не найдена | 
        Файл: W:\domains\PhpShop\public\index.php | 
        Строка 8
---------------
[2019-08-12 11:44:50] 
        Ошибка: Страница не найдена | 
        Файл: W:\domains\PhpShop\public\index.php | 
        Строка 8
---------------
[2019-08-12 11:44:50] 
        Ошибка: Страница не найдена | 
        Файл: W:\domains\PhpShop\public\index.php | 
        Строка 8
---------------
[2019-08-12 11:44:50] 
        Ошибка: Страница не найдена | 
        Файл: W:\domains\PhpShop\public\index.php | 
        Строка 8
---------------
[2019-08-12 11:44:50] 
        Ошибка: Страница не найдена | 
        Файл: W:\domains\PhpShop\public\index.php | 
        Строка 8
---------------
[2019-08-12 11:44:50] 
        Ошибка: Страница не найдена | 
        Файл: W:\domains\PhpShop\public\index.php | 
        Строка 8
---------------
[2019-08-12 11:44:50] 
        Ошибка: Страница не найдена | 
        Файл: W:\domains\PhpShop\public\index.php | 
        Строка 8
---------------
[2019-08-12 11:44:51] 
        Ошибка: Страница не найдена | 
        Файл: W:\domains\PhpShop\public\index.php | 
        Строка 8
---------------
[2019-08-12 11:44:51] 
        Ошибка: Страница не найдена | 
        Файл: W:\domains\PhpShop\public\index.php | 
        Строка 8
---------------
[2019-08-12 11:45:11] 
        Ошибка: Страница не найдена | 
        Файл: W:\domains\PhpShop\public\index.php | 
        Строка 8
---------------
[2019-08-12 11:45:11] 
        Ошибка: Страница не найдена | 
        Файл: W:\domains\PhpShop\public\index.php | 
        Строка 8
---------------
[2019-08-12 11:45:12] 
        Ошибка: Страница не найдена | 
        Файл: W:\domains\PhpShop\public\index.php | 
        Строка 8
---------------
[2019-08-12 11:45:12] 
        Ошибка: Страница не найдена | 
        Файл: W:\domains\PhpShop\public\index.php | 
        Строка 8
---------------
[2019-08-12 11:45:12] 
        Ошибка: Страница не найдена | 
        Файл: W:\domains\PhpShop\public\index.php | 
        Строка 8
---------------
[2019-08-12 11:45:12] 
        Ошибка: Страница не найдена | 
        Файл: W:\domains\PhpShop\public\index.php | 
        Строка 8
---------------
[2019-08-12 11:45:12] 
        Ошибка: Страница не найдена | 
        Файл: W:\domains\PhpShop\public\index.php | 
        Строка 8
---------------
[2019-08-12 11:45:13] 
        Ошибка: Страница не найдена | 
        Файл: W:\domains\PhpShop\public\index.php | 
        Строка 8
---------------
[2019-08-12 11:45:13] 
        Ошибка: Страница не найдена | 
        Файл: W:\domains\PhpShop\public\index.php | 
        Строка 8
---------------
[2019-08-12 11:45:13] 
        Ошибка: Страница не найдена | 
        Файл: W:\domains\PhpShop\public\index.php | 
        Строка 8
---------------
[2019-08-12 11:45:13] 
        Ошибка: Страница не найдена | 
        Файл: W:\domains\PhpShop\public\index.php | 
        Строка 8
---------------
[2019-08-12 11:45:32] 
        Ошибка: Страница не найдена | 
        Файл: W:\domains\PhpShop\public\index.php | 
        Строка 8
---------------
[2019-08-12 11:45:32] 
        Ошибка: Страница не найдена | 
        Файл: W:\domains\PhpShop\public\index.php | 
        Строка 8
---------------
[2019-08-12 11:45:32] 
        Ошибка: Страница не найдена | 
        Файл: W:\domains\PhpShop\public\index.php | 
        Строка 8
---------------
[2019-08-12 11:45:37] 
        Ошибка: Страница не найдена | 
        Файл: W:\domains\PhpShop\public\index.php | 
        Строка 8
---------------
[2019-08-12 11:45:38] 
        Ошибка: Страница не найдена | 
        Файл: W:\domains\PhpShop\public\index.php | 
        Строка 8
---------------
[2019-08-12 11:46:50] 
        Ошибка: Страница не найдена | 
        Файл: W:\domains\PhpShop\public\index.php | 
        Строка 8
---------------
[2019-08-12 11:46:51] 
        Ошибка: Страница не найдена | 
        Файл: W:\domains\PhpShop\public\index.php | 
        Строка 8
---------------
[2019-08-12 11:46:51] 
        Ошибка: Страница не найдена | 
        Файл: W:\domains\PhpShop\public\index.php | 
        Строка 8
---------------
[2019-08-12 11:46:51] 
        Ошибка: Страница не найдена | 
        Файл: W:\domains\PhpShop\public\index.php | 
        Строка 8
---------------
[2019-08-12 11:46:51] 
        Ошибка: Страница не найдена | 
        Файл: W:\domains\PhpShop\public\index.php | 
        Строка 8
---------------
[2019-08-12 11:46:52] 
        Ошибка: Страница не найдена | 
        Файл: W:\domains\PhpShop\public\index.php | 
        Строка 8
---------------
[2019-08-12 11:46:52] 
        Ошибка: Страница не найдена | 
        Файл: W:\domains\PhpShop\public\index.php | 
        Строка 8
---------------
[2019-08-12 11:46:52] 
        Ошибка: Страница не найдена | 
        Файл: W:\domains\PhpShop\public\index.php | 
        Строка 8
---------------
[2019-08-12 11:46:52] 
        Ошибка: Страница не найдена | 
        Файл: W:\domains\PhpShop\public\index.php | 
        Строка 8
---------------
[2019-08-12 11:47:02] 
        Ошибка: Страница не найдена | 
        Файл: W:\domains\PhpShop\public\index.php | 
        Строка 8
---------------
[2019-08-12 11:47:02] 
        Ошибка: Страница не найдена | 
        Файл: W:\domains\PhpShop\public\index.php | 
        Строка 8
---------------
[2019-08-12 11:47:02] 
        Ошибка: Страница не найдена | 
        Файл: W:\domains\PhpShop\public\index.php | 
        Строка 8
---------------
[2019-08-12 11:47:07] 
        Ошибка: Страница не найдена | 
        Файл: W:\domains\PhpShop\public\index.php | 
        Строка 8
---------------
[2019-08-12 11:47:07] 
        Ошибка: Страница не найдена | 
        Файл: W:\domains\PhpShop\public\index.php | 
        Строка 8
---------------
[2019-08-12 11:47:07] 
        Ошибка: Страница не найдена | 
        Файл: W:\domains\PhpShop\public\index.php | 
        Строка 8
---------------
[2019-08-12 11:47:07] 
        Ошибка: Страница не найдена | 
        Файл: W:\domains\PhpShop\public\index.php | 
        Строка 8
---------------
[2019-08-12 11:47:07] 
        Ошибка: Страница не найдена | 
        Файл: W:\domains\PhpShop\public\index.php | 
        Строка 8
---------------
[2019-08-12 11:47:08] 
        Ошибка: Страница не найдена | 
        Файл: W:\domains\PhpShop\public\index.php | 
        Строка 8
---------------
[2019-08-12 11:47:08] 
        Ошибка: Страница не найдена | 
        Файл: W:\domains\PhpShop\public\index.php | 
        Строка 8
---------------
[2019-08-12 11:47:08] 
        Ошибка: Страница не найдена | 
        Файл: W:\domains\PhpShop\public\index.php | 
        Строка 8
---------------
[2019-08-12 11:47:08] 
        Ошибка: Страница не найдена | 
        Файл: W:\domains\PhpShop\public\index.php | 
        Строка 8
---------------
[2019-08-12 11:47:12] 
        Ошибка: Страница не найдена | 
        Файл: W:\domains\PhpShop\public\index.php | 
        Строка 8
---------------
[2019-08-12 11:47:12] 
        Ошибка: Страница не найдена | 
        Файл: W:\domains\PhpShop\public\index.php | 
        Строка 8
---------------
[2019-08-12 11:47:12] 
        Ошибка: Страница не найдена | 
        Файл: W:\domains\PhpShop\public\index.php | 
        Строка 8
---------------
[2019-08-12 11:47:45] 
        Ошибка: Страница не найдена | 
        Файл: W:\domains\PhpShop\public\index.php | 
        Строка 8
---------------
[2019-08-12 11:47:45] 
        Ошибка: Страница не найдена | 
        Файл: W:\domains\PhpShop\public\index.php | 
        Строка 8
---------------
[2019-08-12 11:47:45] 
        Ошибка: Страница не найдена | 
        Файл: W:\domains\PhpShop\public\index.php | 
        Строка 8
---------------
[2019-08-12 11:47:45] 
        Ошибка: Страница не найдена | 
        Файл: W:\domains\PhpShop\public\index.php | 
        Строка 8
---------------
[2019-08-12 11:48:34] 
        Ошибка: Страница не найдена | 
        Файл: W:\domains\PhpShop\public\index.php | 
        Строка 8
---------------
[2019-08-12 11:48:35] 
        Ошибка: Страница не найдена | 
        Файл: W:\domains\PhpShop\public\index.php | 
        Строка 8
---------------
[2019-08-12 11:48:35] 
        Ошибка: Страница не найдена | 
        Файл: W:\domains\PhpShop\public\index.php | 
        Строка 8
---------------
[2019-08-12 11:48:44] 
        Ошибка: Страница не найдена | 
        Файл: W:\domains\PhpShop\public\index.php | 
        Строка 8
---------------
[2019-08-12 11:48:44] 
        Ошибка: Страница не найдена | 
        Файл: W:\domains\PhpShop\public\index.php | 
        Строка 8
---------------
[2019-08-12 11:48:49] 
        Ошибка: Страница не найдена | 
        Файл: W:\domains\PhpShop\public\index.php | 
        Строка 8
---------------
[2019-08-12 11:48:49] 
        Ошибка: Страница не найдена | 
        Файл: W:\domains\PhpShop\public\index.php | 
        Строка 8
---------------
[2019-08-12 11:48:49] 
        Ошибка: Страница не найдена | 
        Файл: W:\domains\PhpShop\public\index.php | 
        Строка 8
---------------
[2019-08-12 11:49:04] 
        Ошибка: Страница не найдена | 
        Файл: W:\domains\PhpShop\public\index.php | 
        Строка 8
---------------
[2019-08-12 11:49:04] 
        Ошибка: Страница не найдена | 
        Файл: W:\domains\PhpShop\public\index.php | 
        Строка 8
---------------
[2019-08-12 11:49:04] 
        Ошибка: Страница не найдена | 
        Файл: W:\domains\PhpShop\public\index.php | 
        Строка 8
---------------
[2019-08-12 11:49:08] 
        Ошибка: Страница не найдена | 
        Файл: W:\domains\PhpShop\public\index.php | 
        Строка 8
---------------
[2019-08-12 11:49:08] 
        Ошибка: Страница не найдена | 
        Файл: W:\domains\PhpShop\public\index.php | 
        Строка 8
---------------
[2019-08-12 11:49:08] 
        Ошибка: Страница не найдена | 
        Файл: W:\domains\PhpShop\public\index.php | 
        Строка 8
---------------
[2019-08-12 11:49:23] 
        Ошибка: Страница не найдена | 
        Файл: W:\domains\PhpShop\public\index.php | 
        Строка 8
---------------
[2019-08-12 11:49:23] 
        Ошибка: Страница не найдена | 
        Файл: W:\domains\PhpShop\public\index.php | 
        Строка 8
---------------
[2019-08-12 11:49:23] 
        Ошибка: Страница не найдена | 
        Файл: W:\domains\PhpShop\public\index.php | 
        Строка 8
---------------
[2019-08-12 11:49:23] 
        Ошибка: Страница не найдена | 
        Файл: W:\domains\PhpShop\public\index.php | 
        Строка 8
---------------
[2019-08-12 11:49:24] 
        Ошибка: Страница не найдена | 
        Файл: W:\domains\PhpShop\public\index.php | 
        Строка 8
---------------
[2019-08-12 11:49:34] 
        Ошибка: Страница не найдена | 
        Файл: W:\domains\PhpShop\public\index.php | 
        Строка 8
---------------
[2019-08-12 11:49:34] 
        Ошибка: Страница не найдена | 
        Файл: W:\domains\PhpShop\public\index.php | 
        Строка 8
---------------
[2019-08-12 11:49:34] 
        Ошибка: Страница не найдена | 
        Файл: W:\domains\PhpShop\public\index.php | 
        Строка 8
---------------
[2019-08-12 11:49:35] 
        Ошибка: Страница не найдена | 
        Файл: W:\domains\PhpShop\public\index.php | 
        Строка 8
---------------
[2019-08-12 11:49:35] 
        Ошибка: Страница не найдена | 
        Файл: W:\domains\PhpShop\public\index.php | 
        Строка 8
---------------
[2019-08-12 11:49:35] 
        Ошибка: Страница не найдена | 
        Файл: W:\domains\PhpShop\public\index.php | 
        Строка 8
---------------
[2019-08-12 11:49:56] 
        Ошибка: Страница не найдена | 
        Файл: W:\domains\PhpShop\public\index.php | 
        Строка 8
---------------
[2019-08-12 11:49:56] 
        Ошибка: Страница не найдена | 
        Файл: W:\domains\PhpShop\public\index.php | 
        Строка 8
---------------
[2019-08-12 11:49:56] 
        Ошибка: Страница не найдена | 
        Файл: W:\domains\PhpShop\public\index.php | 
        Строка 8
---------------
[2019-08-12 11:49:56] 
        Ошибка: Страница не найдена | 
        Файл: W:\domains\PhpShop\public\index.php | 
        Строка 8
---------------
[2019-08-12 11:50:13] 
        Ошибка: Страница не найдена | 
        Файл: W:\domains\PhpShop\public\index.php | 
        Строка 8
---------------
[2019-08-12 11:50:14] 
        Ошибка: Страница не найдена | 
        Файл: W:\domains\PhpShop\public\index.php | 
        Строка 8
---------------
[2019-08-12 11:50:14] 
        Ошибка: Страница не найдена | 
        Файл: W:\domains\PhpShop\public\index.php | 
        Строка 8
---------------
[2019-08-12 11:50:53] 
        Ошибка: Страница не найдена | 
        Файл: W:\domains\PhpShop\public\index.php | 
        Строка 8
---------------
[2019-08-12 11:50:54] 
        Ошибка: Страница не найдена | 
        Файл: W:\domains\PhpShop\public\index.php | 
        Строка 8
---------------
[2019-08-12 11:50:54] 
        Ошибка: Страница не найдена | 
        Файл: W:\domains\PhpShop\public\index.php | 
        Строка 8
---------------
[2019-08-12 11:50:57] 
        Ошибка: Страница не найдена | 
        Файл: W:\domains\PhpShop\public\index.php | 
        Строка 8
---------------
[2019-08-12 11:50:57] 
        Ошибка: Страница не найдена | 
        Файл: W:\domains\PhpShop\public\index.php | 
        Строка 8
---------------
[2019-08-12 11:51:02] 
        Ошибка: Страница не найдена | 
        Файл: W:\domains\PhpShop\public\index.php | 
        Строка 8
---------------
[2019-08-12 11:51:03] 
        Ошибка: Страница не найдена | 
        Файл: W:\domains\PhpShop\public\index.php | 
        Строка 8
---------------
[2019-08-12 11:51:03] 
        Ошибка: Страница не найдена | 
        Файл: W:\domains\PhpShop\public\index.php | 
        Строка 8
---------------
[2019-08-12 11:51:03] 
        Ошибка: Страница не найдена | 
        Файл: W:\domains\PhpShop\public\index.php | 
        Строка 8
---------------
[2019-08-12 11:51:17] 
        Ошибка: Страница не найдена | 
        Файл: W:\domains\PhpShop\public\index.php | 
        Строка 8
---------------
[2019-08-12 11:51:17] 
        Ошибка: Страница не найдена | 
        Файл: W:\domains\PhpShop\public\index.php | 
        Строка 8
---------------
[2019-08-12 11:51:38] 
        Ошибка: Страница не найдена | 
        Файл: W:\domains\PhpShop\public\index.php | 
        Строка 8
---------------
[2019-08-12 11:51:38] 
        Ошибка: Страница не найдена | 
        Файл: W:\domains\PhpShop\public\index.php | 
        Строка 8
---------------
[2019-08-12 11:51:38] 
        Ошибка: Страница не найдена | 
        Файл: W:\domains\PhpShop\public\index.php | 
        Строка 8
---------------
[2019-08-12 11:51:38] 
        Ошибка: Страница не найдена | 
        Файл: W:\domains\PhpShop\public\index.php | 
        Строка 8
---------------
[2019-08-12 11:52:15] 
        Ошибка: Страница не найдена | 
        Файл: W:\domains\PhpShop\public\index.php | 
        Строка 8
---------------
[2019-08-12 11:52:15] 
        Ошибка: Страница не найдена | 
        Файл: W:\domains\PhpShop\public\index.php | 
        Строка 8
---------------
[2019-08-12 11:53:05] 
        Ошибка: Страница не найдена | 
        Файл: W:\domains\PhpShop\public\index.php | 
        Строка 8
---------------
[2019-08-12 11:53:05] 
        Ошибка: Страница не найдена | 
        Файл: W:\domains\PhpShop\public\index.php | 
        Строка 8
---------------
[2019-08-12 11:53:05] 
        Ошибка: Страница не найдена | 
        Файл: W:\domains\PhpShop\public\index.php | 
        Строка 8
---------------
[2019-08-12 11:53:52] 
        Ошибка: Страница не найдена | 
        Файл: W:\domains\PhpShop\public\index.php | 
        Строка 8
---------------
[2019-08-12 11:53:53] 
        Ошибка: Страница не найдена | 
        Файл: W:\domains\PhpShop\public\index.php | 
        Строка 8
---------------
[2019-08-12 11:53:54] 
        Ошибка: Страница не найдена | 
        Файл: W:\domains\PhpShop\public\index.php | 
        Строка 8
---------------
[2019-08-12 11:53:55] 
        Ошибка: Страница не найдена | 
        Файл: W:\domains\PhpShop\public\index.php | 
        Строка 8
---------------
[2019-08-12 11:53:55] 
        Ошибка: Страница не найдена | 
        Файл: W:\domains\PhpShop\public\index.php | 
        Строка 8
---------------
[2019-08-12 11:53:55] 
        Ошибка: Страница не найдена | 
        Файл: W:\domains\PhpShop\public\index.php | 
        Строка 8
---------------
[2019-08-12 11:53:55] 
        Ошибка: Страница не найдена | 
        Файл: W:\domains\PhpShop\public\index.php | 
        Строка 8
---------------
[2019-08-12 11:53:56] 
        Ошибка: Страница не найдена | 
        Файл: W:\domains\PhpShop\public\index.php | 
        Строка 8
---------------
[2019-08-12 11:53:56] 
        Ошибка: Страница не найдена | 
        Файл: W:\domains\PhpShop\public\index.php | 
        Строка 8
---------------
[2019-08-12 11:53:56] 
        Ошибка: Страница не найдена | 
        Файл: W:\domains\PhpShop\public\index.php | 
        Строка 8
---------------
[2019-08-12 11:53:56] 
        Ошибка: Страница не найдена | 
        Файл: W:\domains\PhpShop\public\index.php | 
        Строка 8
---------------
[2019-08-12 11:53:56] 
        Ошибка: Страница не найдена | 
        Файл: W:\domains\PhpShop\public\index.php | 
        Строка 8
---------------
[2019-08-12 11:53:56] 
        Ошибка: Страница не найдена | 
        Файл: W:\domains\PhpShop\public\index.php | 
        Строка 8
---------------
[2019-08-12 11:53:56] 
        Ошибка: Страница не найдена | 
        Файл: W:\domains\PhpShop\public\index.php | 
        Строка 8
---------------
[2019-08-12 11:54:13] 
        Ошибка: Страница не найдена | 
        Файл: W:\domains\PhpShop\public\index.php | 
        Строка 8
---------------
[2019-08-12 11:54:13] 
        Ошибка: Страница не найдена | 
        Файл: W:\domains\PhpShop\public\index.php | 
        Строка 8
---------------
[2019-08-12 11:54:14] 
        Ошибка: Страница не найдена | 
        Файл: W:\domains\PhpShop\public\index.php | 
        Строка 8
---------------
[2019-08-12 11:54:14] 
        Ошибка: Страница не найдена | 
        Файл: W:\domains\PhpShop\public\index.php | 
        Строка 8
---------------
[2019-08-12 11:54:14] 
        Ошибка: Страница не найдена | 
        Файл: W:\domains\PhpShop\public\index.php | 
        Строка 8
---------------
[2019-08-12 11:54:14] 
        Ошибка: Страница не найдена | 
        Файл: W:\domains\PhpShop\public\index.php | 
        Строка 8
---------------
[2019-08-12 11:54:14] 
        Ошибка: Страница не найдена | 
        Файл: W:\domains\PhpShop\public\index.php | 
        Строка 8
---------------
[2019-08-12 11:54:15] 
        Ошибка: Страница не найдена | 
        Файл: W:\domains\PhpShop\public\index.php | 
        Строка 8
---------------
[2019-08-12 11:54:15] 
        Ошибка: Страница не найдена | 
        Файл: W:\domains\PhpShop\public\index.php | 
        Строка 8
---------------
[2019-08-12 11:54:34] 
        Ошибка: Страница не найдена | 
        Файл: W:\domains\PhpShop\public\index.php | 
        Строка 8
---------------
[2019-08-12 11:54:36] 
        Ошибка: Страница не найдена | 
        Файл: W:\domains\PhpShop\public\index.php | 
        Строка 8
---------------
[2019-08-12 11:54:36] 
        Ошибка: Страница не найдена | 
        Файл: W:\domains\PhpShop\public\index.php | 
        Строка 8
---------------
[2019-08-12 11:55:07] 
        Ошибка: Страница не найдена | 
        Файл: W:\domains\PhpShop\public\index.php | 
        Строка 8
---------------
[2019-08-12 11:55:07] 
        Ошибка: Страница не найдена | 
        Файл: W:\domains\PhpShop\public\index.php | 
        Строка 8
---------------
[2019-08-12 11:55:08] 
        Ошибка: Страница не найдена | 
        Файл: W:\domains\PhpShop\public\index.php | 
        Строка 8
---------------
[2019-08-12 11:55:31] 
        Ошибка: Страница не найдена | 
        Файл: W:\domains\PhpShop\public\index.php | 
        Строка 8
---------------
[2019-08-12 11:55:31] 
        Ошибка: Страница не найдена | 
        Файл: W:\domains\PhpShop\public\index.php | 
        Строка 8
---------------
[2019-08-12 11:55:31] 
        Ошибка: Страница не найдена | 
        Файл: W:\domains\PhpShop\public\index.php | 
        Строка 8
---------------
[2019-08-12 11:55:31] 
        Ошибка: Страница не найдена | 
        Файл: W:\domains\PhpShop\public\index.php | 
        Строка 8
---------------
[2019-08-12 11:55:36] 
        Ошибка: Страница не найдена | 
        Файл: W:\domains\PhpShop\public\index.php | 
        Строка 8
---------------
[2019-08-12 11:55:36] 
        Ошибка: Страница не найдена | 
        Файл: W:\domains\PhpShop\public\index.php | 
        Строка 8
---------------
[2019-08-12 11:55:36] 
        Ошибка: Страница не найдена | 
        Файл: W:\domains\PhpShop\public\index.php | 
        Строка 8
---------------
[2019-08-12 11:55:54] 
        Ошибка: Страница не найдена | 
        Файл: W:\domains\PhpShop\public\index.php | 
        Строка 8
---------------
[2019-08-12 11:55:54] 
        Ошибка: Страница не найдена | 
        Файл: W:\domains\PhpShop\public\index.php | 
        Строка 8
---------------
[2019-08-12 11:55:54] 
        Ошибка: Страница не найдена | 
        Файл: W:\domains\PhpShop\public\index.php | 
        Строка 8
---------------
[2019-08-12 11:55:58] 
        Ошибка: Страница не найдена | 
        Файл: W:\domains\PhpShop\public\index.php | 
        Строка 8
---------------
[2019-08-12 11:55:58] 
        Ошибка: Страница не найдена | 
        Файл: W:\domains\PhpShop\public\index.php | 
        Строка 8
---------------
[2019-08-12 11:55:58] 
        Ошибка: Страница не найдена | 
        Файл: W:\domains\PhpShop\public\index.php | 
        Строка 8
---------------
[2019-08-12 11:55:58] 
        Ошибка: Страница не найдена | 
        Файл: W:\domains\PhpShop\public\index.php | 
        Строка 8
---------------
[2019-08-12 11:55:59] 
        Ошибка: Страница не найдена | 
        Файл: W:\domains\PhpShop\public\index.php | 
        Строка 8
---------------
[2019-08-12 11:55:59] 
        Ошибка: Страница не найдена | 
        Файл: W:\domains\PhpShop\public\index.php | 
        Строка 8
---------------
[2019-08-12 11:55:59] 
        Ошибка: Страница не найдена | 
        Файл: W:\domains\PhpShop\public\index.php | 
        Строка 8
---------------
[2019-08-12 11:55:59] 
        Ошибка: Страница не найдена | 
        Файл: W:\domains\PhpShop\public\index.php | 
        Строка 8
---------------
[2019-08-12 11:55:59] 
        Ошибка: Страница не найдена | 
        Файл: W:\domains\PhpShop\public\index.php | 
        Строка 8
---------------
[2019-08-12 11:56:00] 
        Ошибка: Страница не найдена | 
        Файл: W:\domains\PhpShop\public\index.php | 
        Строка 8
---------------
[2019-08-12 11:56:00] 
        Ошибка: Страница не найдена | 
        Файл: W:\domains\PhpShop\public\index.php | 
        Строка 8
---------------
[2019-08-12 11:56:00] 
        Ошибка: Страница не найдена | 
        Файл: W:\domains\PhpShop\public\index.php | 
        Строка 8
---------------
[2019-08-12 11:56:00] 
        Ошибка: Страница не найдена | 
        Файл: W:\domains\PhpShop\public\index.php | 
        Строка 8
---------------
[2019-08-12 11:56:00] 
        Ошибка: Страница не найдена | 
        Файл: W:\domains\PhpShop\public\index.php | 
        Строка 8
---------------
[2019-08-12 11:56:00] 
        Ошибка: Страница не найдена | 
        Файл: W:\domains\PhpShop\public\index.php | 
        Строка 8
---------------
[2019-08-12 11:56:15] 
        Ошибка: Страница не найдена | 
        Файл: W:\domains\PhpShop\public\index.php | 
        Строка 8
---------------
[2019-08-12 11:56:16] 
        Ошибка: Страница не найдена | 
        Файл: W:\domains\PhpShop\public\index.php | 
        Строка 8
---------------
[2019-08-12 11:56:16] 
        Ошибка: Страница не найдена | 
        Файл: W:\domains\PhpShop\public\index.php | 
        Строка 8
---------------
[2019-08-12 11:56:20] 
        Ошибка: Страница не найдена | 
        Файл: W:\domains\PhpShop\public\index.php | 
        Строка 8
---------------
[2019-08-12 11:56:20] 
        Ошибка: Страница не найдена | 
        Файл: W:\domains\PhpShop\public\index.php | 
        Строка 8
---------------
[2019-08-12 11:56:20] 
        Ошибка: Страница не найдена | 
        Файл: W:\domains\PhpShop\public\index.php | 
        Строка 8
---------------
[2019-08-12 11:56:43] 
        Ошибка: Страница не найдена | 
        Файл: W:\domains\PhpShop\public\index.php | 
        Строка 8
---------------
[2019-08-12 11:56:44] 
        Ошибка: Страница не найдена | 
        Файл: W:\domains\PhpShop\public\index.php | 
        Строка 8
---------------
[2019-08-12 11:56:45] 
        Ошибка: Страница не найдена | 
        Файл: W:\domains\PhpShop\public\index.php | 
        Строка 8
---------------
[2019-08-12 11:57:28] 
        Ошибка: Страница не найдена | 
        Файл: W:\domains\PhpShop\public\index.php | 
        Строка 8
---------------
[2019-08-12 11:57:28] 
        Ошибка: Страница не найдена | 
        Файл: W:\domains\PhpShop\public\index.php | 
        Строка 8
---------------
[2019-08-12 11:57:28] 
        Ошибка: Страница не найдена | 
        Файл: W:\domains\PhpShop\public\index.php | 
        Строка 8
---------------
[2019-08-12 11:57:44] 
        Ошибка: Страница не найдена | 
        Файл: W:\domains\PhpShop\public\index.php | 
        Строка 8
---------------
[2019-08-12 11:57:44] 
        Ошибка: Страница не найдена | 
        Файл: W:\domains\PhpShop\public\index.php | 
        Строка 8
---------------
[2019-08-12 11:57:44] 
        Ошибка: Страница не найдена | 
        Файл: W:\domains\PhpShop\public\index.php | 
        Строка 8
---------------
[2019-08-12 11:57:45] 
        Ошибка: Страница не найдена | 
        Файл: W:\domains\PhpShop\public\index.php | 
        Строка 8
---------------
[2019-08-12 11:57:45] 
        Ошибка: Страница не найдена | 
        Файл: W:\domains\PhpShop\public\index.php | 
        Строка 8
---------------
[2019-08-12 11:57:45] 
        Ошибка: Страница не найдена | 
        Файл: W:\domains\PhpShop\public\index.php | 
        Строка 8
---------------
[2019-08-12 11:57:45] 
        Ошибка: Страница не найдена | 
        Файл: W:\domains\PhpShop\public\index.php | 
        Строка 8
---------------
[2019-08-12 11:57:46] 
        Ошибка: Страница не найдена | 
        Файл: W:\domains\PhpShop\public\index.php | 
        Строка 8
---------------
[2019-08-12 11:57:46] 
        Ошибка: Страница не найдена | 
        Файл: W:\domains\PhpShop\public\index.php | 
        Строка 8
---------------
[2019-08-12 11:57:46] 
        Ошибка: Страница не найдена | 
        Файл: W:\domains\PhpShop\public\index.php | 
        Строка 8
---------------
[2019-08-12 11:57:46] 
        Ошибка: Страница не найдена | 
        Файл: W:\domains\PhpShop\public\index.php | 
        Строка 8
---------------
[2019-08-12 11:58:01] 
        Ошибка: Страница не найдена | 
        Файл: W:\domains\PhpShop\public\index.php | 
        Строка 8
---------------
[2019-08-12 11:58:01] 
        Ошибка: Страница не найдена | 
        Файл: W:\domains\PhpShop\public\index.php | 
        Строка 8
---------------
[2019-08-12 11:58:01] 
        Ошибка: Страница не найдена | 
        Файл: W:\domains\PhpShop\public\index.php | 
        Строка 8
---------------
[2019-08-12 11:58:16] 
        Ошибка: Страница не найдена | 
        Файл: W:\domains\PhpShop\public\index.php | 
        Строка 8
---------------
[2019-08-12 11:58:16] 
        Ошибка: Страница не найдена | 
        Файл: W:\domains\PhpShop\public\index.php | 
        Строка 8
---------------
[2019-08-12 11:58:16] 
        Ошибка: Страница не найдена | 
        Файл: W:\domains\PhpShop\public\index.php | 
        Строка 8
---------------
[2019-08-12 11:58:16] 
        Ошибка: Страница не найдена | 
        Файл: W:\domains\PhpShop\public\index.php | 
        Строка 8
---------------
[2019-08-12 11:58:17] 
        Ошибка: Страница не найдена | 
        Файл: W:\domains\PhpShop\public\index.php | 
        Строка 8
---------------
[2019-08-12 11:58:17] 
        Ошибка: Страница не найдена | 
        Файл: W:\domains\PhpShop\public\index.php | 
        Строка 8
---------------
[2019-08-12 11:58:17] 
        Ошибка: Страница не найдена | 
        Файл: W:\domains\PhpShop\public\index.php | 
        Строка 8
---------------
[2019-08-12 11:58:17] 
        Ошибка: Страница не найдена | 
        Файл: W:\domains\PhpShop\public\index.php | 
        Строка 8
---------------
[2019-08-12 11:58:22] 
        Ошибка: Страница не найдена | 
        Файл: W:\domains\PhpShop\public\index.php | 
        Строка 8
---------------
[2019-08-12 11:58:23] 
        Ошибка: Страница не найдена | 
        Файл: W:\domains\PhpShop\public\index.php | 
        Строка 8
---------------
[2019-08-12 11:58:23] 
        Ошибка: Страница не найдена | 
        Файл: W:\domains\PhpShop\public\index.php | 
        Строка 8
---------------
[2019-08-12 11:58:23] 
        Ошибка: Страница не найдена | 
        Файл: W:\domains\PhpShop\public\index.php | 
        Строка 8
---------------
[2019-08-12 11:58:23] 
        Ошибка: Страница не найдена | 
        Файл: W:\domains\PhpShop\public\index.php | 
        Строка 8
---------------
[2019-08-12 11:58:23] 
        Ошибка: Страница не найдена | 
        Файл: W:\domains\PhpShop\public\index.php | 
        Строка 8
---------------
[2019-08-12 11:58:23] 
        Ошибка: Страница не найдена | 
        Файл: W:\domains\PhpShop\public\index.php | 
        Строка 8
---------------
[2019-08-12 11:58:33] 
        Ошибка: Страница не найдена | 
        Файл: W:\domains\PhpShop\public\index.php | 
        Строка 8
---------------
[2019-08-12 11:58:33] 
        Ошибка: Страница не найдена | 
        Файл: W:\domains\PhpShop\public\index.php | 
        Строка 8
---------------
[2019-08-12 11:58:33] 
        Ошибка: Страница не найдена | 
        Файл: W:\domains\PhpShop\public\index.php | 
        Строка 8
---------------
[2019-08-12 11:58:34] 
        Ошибка: Страница не найдена | 
        Файл: W:\domains\PhpShop\public\index.php | 
        Строка 8
---------------
[2019-08-12 12:02:10] 
        Ошибка: Страница не найдена | 
        Файл: W:\domains\PhpShop\public\index.php | 
        Строка 8
---------------
[2019-08-12 12:02:10] 
        Ошибка: Страница не найдена | 
        Файл: W:\domains\PhpShop\public\index.php | 
        Строка 8
---------------
[2019-08-12 12:02:11] 
        Ошибка: Страница не найдена | 
        Файл: W:\domains\PhpShop\public\index.php | 
        Строка 8
---------------
[2019-08-12 12:02:13] 
        Ошибка: Страница не найдена | 
        Файл: W:\domains\PhpShop\public\index.php | 
        Строка 8
---------------
[2019-08-12 12:02:13] 
        Ошибка: Страница не найдена | 
        Файл: W:\domains\PhpShop\public\index.php | 
        Строка 8
---------------
[2019-08-12 12:02:13] 
        Ошибка: Страница не найдена | 
        Файл: W:\domains\PhpShop\public\index.php | 
        Строка 8
---------------
[2019-08-12 12:02:14] 
        Ошибка: Страница не найдена | 
        Файл: W:\domains\PhpShop\public\index.php | 
        Строка 8
---------------
[2019-08-12 12:02:14] 
        Ошибка: Страница не найдена | 
        Файл: W:\domains\PhpShop\public\index.php | 
        Строка 8
---------------
[2019-08-12 12:03:45] 
        Ошибка: Страница не найдена | 
        Файл: W:\domains\PhpShop\public\index.php | 
        Строка 8
---------------
[2019-08-12 12:03:46] 
        Ошибка: Страница не найдена | 
        Файл: W:\domains\PhpShop\public\index.php | 
        Строка 8
---------------
[2019-08-12 12:03:46] 
        Ошибка: Страница не найдена | 
        Файл: W:\domains\PhpShop\public\index.php | 
        Строка 8
---------------
[2019-08-12 12:05:28] 
        Ошибка: Страница не найдена | 
        Файл: W:\domains\PhpShop\public\index.php | 
        Строка 8
---------------
[2019-08-12 12:05:28] 
        Ошибка: Страница не найдена | 
        Файл: W:\domains\PhpShop\public\index.php | 
        Строка 8
---------------
[2019-08-12 12:05:28] 
        Ошибка: Страница не найдена | 
        Файл: W:\domains\PhpShop\public\index.php | 
        Строка 8
---------------
[2019-08-12 12:06:12] 
        Ошибка: Страница не найдена | 
        Файл: W:\domains\PhpShop\public\index.php | 
        Строка 8
---------------
[2019-08-12 12:06:12] 
        Ошибка: Страница не найдена | 
        Файл: W:\domains\PhpShop\public\index.php | 
        Строка 8
---------------
[2019-08-12 12:06:12] 
        Ошибка: Страница не найдена | 
        Файл: W:\domains\PhpShop\public\index.php | 
        Строка 8
---------------
[2019-08-12 12:06:12] 
        Ошибка: Страница не найдена | 
        Файл: W:\domains\PhpShop\public\index.php | 
        Строка 8
---------------
[2019-08-12 12:06:13] 
        Ошибка: Страница не найдена | 
        Файл: W:\domains\PhpShop\public\index.php | 
        Строка 8
---------------
[2019-08-12 12:06:13] 
        Ошибка: Страница не найдена | 
        Файл: W:\domains\PhpShop\public\index.php | 
        Строка 8
---------------
[2019-08-12 12:06:28] 
        Ошибка: Страница не найдена | 
        Файл: W:\domains\PhpShop\public\index.php | 
        Строка 8
---------------
[2019-08-12 12:06:28] 
        Ошибка: Страница не найдена | 
        Файл: W:\domains\PhpShop\public\index.php | 
        Строка 8
---------------
[2019-08-12 12:06:28] 
        Ошибка: Страница не найдена | 
        Файл: W:\domains\PhpShop\public\index.php | 
        Строка 8
---------------
[2019-08-12 12:21:33] 
        Ошибка: Страница не найдена | 
        Файл: W:\domains\PhpShop\public\index.php | 
        Строка 8
---------------
[2019-08-12 12:21:33] 
        Ошибка: Страница не найдена | 
        Файл: W:\domains\PhpShop\public\index.php | 
        Строка 8
---------------
[2019-08-12 12:21:57] 
        Ошибка: Страница не найдена | 
        Файл: W:\domains\PhpShop\public\index.php | 
        Строка 8
---------------
[2019-08-12 12:21:57] 
        Ошибка: Страница не найдена | 
        Файл: W:\domains\PhpShop\public\index.php | 
        Строка 8
---------------
[2019-08-12 12:21:57] 
        Ошибка: Страница не найдена | 
        Файл: W:\domains\PhpShop\public\index.php | 
        Строка 8
---------------
[2019-08-12 12:22:05] 
        Ошибка: Страница не найдена | 
        Файл: W:\domains\PhpShop\public\index.php | 
        Строка 8
---------------
[2019-08-12 12:22:06] 
        Ошибка: Страница не найдена | 
        Файл: W:\domains\PhpShop\public\index.php | 
        Строка 8
---------------
[2019-08-12 12:22:07] 
        Ошибка: Страница не найдена | 
        Файл: W:\domains\PhpShop\public\index.php | 
        Строка 8
---------------
[2019-08-12 12:22:07] 
        Ошибка: Страница не найдена | 
        Файл: W:\domains\PhpShop\public\index.php | 
        Строка 8
---------------
[2019-08-12 12:22:21] 
        Ошибка: Страница не найдена | 
        Файл: W:\domains\PhpShop\public\index.php | 
        Строка 8
---------------
[2019-08-12 12:22:22] 
        Ошибка: Страница не найдена | 
        Файл: W:\domains\PhpShop\public\index.php | 
        Строка 8
---------------
[2019-08-12 12:22:22] 
        Ошибка: Страница не найдена | 
        Файл: W:\domains\PhpShop\public\index.php | 
        Строка 8
---------------
[2019-08-12 12:22:22] 
        Ошибка: Страница не найдена | 
        Файл: W:\domains\PhpShop\public\index.php | 
        Строка 8
---------------
[2019-08-12 12:22:32] 
        Ошибка: Страница не найдена | 
        Файл: W:\domains\PhpShop\public\index.php | 
        Строка 8
---------------
[2019-08-12 12:22:32] 
        Ошибка: Страница не найдена | 
        Файл: W:\domains\PhpShop\public\index.php | 
        Строка 8
---------------
[2019-08-12 12:22:33] 
        Ошибка: Страница не найдена | 
        Файл: W:\domains\PhpShop\public\index.php | 
        Строка 8
---------------
[2019-08-12 12:22:33] 
        Ошибка: Страница не найдена | 
        Файл: W:\domains\PhpShop\public\index.php | 
        Строка 8
---------------
[2019-08-12 12:22:34] 
        Ошибка: Страница не найдена | 
        Файл: W:\domains\PhpShop\public\index.php | 
        Строка 8
---------------
[2019-08-12 12:23:11] 
        Ошибка: Страница не найдена | 
        Файл: W:\domains\PhpShop\public\index.php | 
        Строка 8
---------------
[2019-08-12 12:23:11] 
        Ошибка: Страница не найдена | 
        Файл: W:\domains\PhpShop\public\index.php | 
        Строка 8
---------------
[2019-08-12 12:23:11] 
        Ошибка: Страница не найдена | 
        Файл: W:\domains\PhpShop\public\index.php | 
        Строка 8
---------------
[2019-08-12 12:23:11] 
        Ошибка: Страница не найдена | 
        Файл: W:\domains\PhpShop\public\index.php | 
        Строка 8
---------------
[2019-08-12 12:23:11] 
        Ошибка: Страница не найдена | 
        Файл: W:\domains\PhpShop\public\index.php | 
        Строка 8
---------------
[2019-08-12 12:23:12] 
        Ошибка: Страница не найдена | 
        Файл: W:\domains\PhpShop\public\index.php | 
        Строка 8
---------------
[2019-08-13 10:39:07] 
        Ошибка: Страница не найдена | 
        Файл: W:\domains\PhpShop\vendor\PhpShop\core\Router.php | 
        Строка 33
---------------
[2019-08-13 10:39:10] 
        Ошибка: Страница не найдена | 
        Файл: W:\domains\PhpShop\vendor\PhpShop\core\Router.php | 
        Строка 33
---------------
[2019-08-13 10:39:22] 
        Ошибка: Страница не найдена | 
        Файл: W:\domains\PhpShop\vendor\PhpShop\core\Router.php | 
        Строка 33
---------------
[2019-08-13 10:39:22] 
        Ошибка: Страница не найдена | 
        Файл: W:\domains\PhpShop\vendor\PhpShop\core\Router.php | 
        Строка 33
---------------
[2019-08-13 10:39:44] 
        Ошибка: Страница не найдена | 
        Файл: W:\domains\PhpShop\vendor\PhpShop\core\Router.php | 
        Строка 33
---------------
[2019-08-13 10:48:43] 
        Ошибка: Страница не найдена | 
        Файл: W:\domains\PhpShop\vendor\PhpShop\core\Router.php | 
        Строка 33
---------------
[2019-08-13 10:48:43] 
        Ошибка: Страница не найдена | 
        Файл: W:\domains\PhpShop\vendor\PhpShop\core\Router.php | 
        Строка 33
---------------
[2019-08-13 10:58:19] 
        Ошибка: Контроллер app\controllers\PageNewController не найден | 
        Файл: W:\domains\PhpShop\vendor\PhpShop\core\Router.php | 
        Строка 41
---------------
[2019-08-14 08:11:29] 
        Ошибка: Страница не найдена | 
        Файл: W:\domains\PhpShop\vendor\PhpShop\core\Router.php | 
        Строка 44
---------------
[2019-08-14 08:11:40] 
        Ошибка: Контроллер app\controllers\PageController не найден | 
        Файл: W:\domains\PhpShop\vendor\PhpShop\core\Router.php | 
        Строка 41
---------------
[2019-08-14 12:42:18] 
        Ошибка: Call to undefined method PhpShop\base\View::getData() | 
        Файл: W:\domains\PhpShop\app\views\layouts\default.php | 
        Строка 11
---------------
[2019-08-14 12:42:18] 
        Ошибка: Call to undefined method PhpShop\base\View::getData() | 
        Файл: W:\domains\PhpShop\app\views\layouts\default.php | 
        Строка 11
---------------
[2019-08-14 12:42:18] 
        Ошибка: Call to undefined method PhpShop\base\View::getData() | 
        Файл: W:\domains\PhpShop\app\views\layouts\default.php | 
        Строка 11
---------------
[2019-08-14 12:42:19] 
        Ошибка: Call to undefined method PhpShop\base\View::getData() | 
        Файл: W:\domains\PhpShop\app\views\layouts\default.php | 
        Строка 11
---------------
[2019-08-14 12:42:19] 
        Ошибка: Call to undefined method PhpShop\base\View::getData() | 
        Файл: W:\domains\PhpShop\app\views\layouts\default.php | 
        Строка 11
---------------
[2019-08-14 12:42:19] 
        Ошибка: Call to undefined method PhpShop\base\View::getData() | 
        Файл: W:\domains\PhpShop\app\views\layouts\default.php | 
        Строка 11
---------------
[2019-08-14 12:42:28] 
        Ошибка: Call to undefined method PhpShop\base\View::getData() | 
        Файл: W:\domains\PhpShop\app\views\layouts\default.php | 
        Строка 11
---------------
[2019-08-14 12:42:29] 
        Ошибка: Call to undefined method PhpShop\base\View::getData() | 
        Файл: W:\domains\PhpShop\app\views\layouts\default.php | 
        Строка 11
---------------
[2019-08-14 12:42:29] 
        Ошибка: Call to undefined method PhpShop\base\View::getData() | 
        Файл: W:\domains\PhpShop\app\views\layouts\default.php | 
        Строка 11
---------------
[2019-08-14 12:42:29] 
        Ошибка: Call to undefined method PhpShop\base\View::getData() | 
        Файл: W:\domains\PhpShop\app\views\layouts\default.php | 
        Строка 11
---------------
[2019-08-14 12:42:29] 
        Ошибка: Call to undefined method PhpShop\base\View::getData() | 
        Файл: W:\domains\PhpShop\app\views\layouts\default.php | 
        Строка 11
---------------
[2019-08-14 12:42:29] 
        Ошибка: Call to undefined method PhpShop\base\View::getData() | 
        Файл: W:\domains\PhpShop\app\views\layouts\default.php | 
        Строка 11
---------------
[2019-08-14 12:42:29] 
        Ошибка: Call to undefined method PhpShop\base\View::getData() | 
        Файл: W:\domains\PhpShop\app\views\layouts\default.php | 
        Строка 11
---------------
[2019-08-14 12:42:30] 
        Ошибка: Call to undefined method PhpShop\base\View::getData() | 
        Файл: W:\domains\PhpShop\app\views\layouts\default.php | 
        Строка 11
---------------
[2019-08-14 12:42:30] 
        Ошибка: Call to undefined method PhpShop\base\View::getData() | 
        Файл: W:\domains\PhpShop\app\views\layouts\default.php | 
        Строка 11
---------------
[2019-08-14 12:42:30] 
        Ошибка: Call to undefined method PhpShop\base\View::getData() | 
        Файл: W:\domains\PhpShop\app\views\layouts\default.php | 
        Строка 11
---------------
[2019-08-14 12:42:30] 
        Ошибка: Call to undefined method PhpShop\base\View::getData() | 
        Файл: W:\domains\PhpShop\app\views\layouts\default.php | 
        Строка 11
---------------
[2019-08-14 12:42:30] 
        Ошибка: Call to undefined method PhpShop\base\View::getData() | 
        Файл: W:\domains\PhpShop\app\views\layouts\default.php | 
        Строка 11
---------------
[2019-08-14 12:42:30] 
        Ошибка: Call to undefined method PhpShop\base\View::getData() | 
        Файл: W:\domains\PhpShop\app\views\layouts\default.php | 
        Строка 11
---------------
[2019-08-14 12:42:30] 
        Ошибка: Call to undefined method PhpShop\base\View::getData() | 
        Файл: W:\domains\PhpShop\app\views\layouts\default.php | 
        Строка 11
---------------
[2019-08-14 12:42:31] 
        Ошибка: Call to undefined method PhpShop\base\View::getData() | 
        Файл: W:\domains\PhpShop\app\views\layouts\default.php | 
        Строка 11
---------------
[2019-08-14 12:42:31] 
        Ошибка: Call to undefined method PhpShop\base\View::getData() | 
        Файл: W:\domains\PhpShop\app\views\layouts\default.php | 
        Строка 11
---------------
[2019-08-14 12:42:31] 
        Ошибка: Call to undefined method PhpShop\base\View::getData() | 
        Файл: W:\domains\PhpShop\app\views\layouts\default.php | 
        Строка 11
---------------
[2019-08-14 12:42:31] 
        Ошибка: Call to undefined method PhpShop\base\View::getData() | 
        Файл: W:\domains\PhpShop\app\views\layouts\default.php | 
        Строка 11
---------------
[2019-08-14 12:42:31] 
        Ошибка: Call to undefined method PhpShop\base\View::getData() | 
        Файл: W:\domains\PhpShop\app\views\layouts\default.php | 
        Строка 11
---------------
[2019-08-14 12:42:31] 
        Ошибка: Call to undefined method PhpShop\base\View::getData() | 
        Файл: W:\domains\PhpShop\app\views\layouts\default.php | 
        Строка 11
---------------
[2019-08-14 12:42:32] 
        Ошибка: Call to undefined method PhpShop\base\View::getData() | 
        Файл: W:\domains\PhpShop\app\views\layouts\default.php | 
        Строка 11
---------------
[2019-08-14 12:42:32] 
        Ошибка: Call to undefined method PhpShop\base\View::getData() | 
        Файл: W:\domains\PhpShop\app\views\layouts\default.php | 
        Строка 11
---------------
[2019-08-14 12:42:32] 
        Ошибка: Call to undefined method PhpShop\base\View::getData() | 
        Файл: W:\domains\PhpShop\app\views\layouts\default.php | 
        Строка 11
---------------
[2019-08-14 12:42:32] 
        Ошибка: Call to undefined method PhpShop\base\View::getData() | 
        Файл: W:\domains\PhpShop\app\views\layouts\default.php | 
        Строка 11
---------------
[2019-08-14 12:42:32] 
        Ошибка: Call to undefined method PhpShop\base\View::getData() | 
        Файл: W:\domains\PhpShop\app\views\layouts\default.php | 
        Строка 11
---------------
[2019-08-14 13:40:13] 
        Ошибка: Class 'PhpShop\base\Db' not found | 
        Файл: W:\domains\PhpShop\vendor\PhpShop\core\base\Model.php | 
        Строка 19
---------------
[2019-08-14 13:40:14] 
        Ошибка: Class 'PhpShop\base\Db' not found | 
        Файл: W:\domains\PhpShop\vendor\PhpShop\core\base\Model.php | 
        Строка 19
---------------
[2019-08-14 13:40:14] 
        Ошибка: Class 'PhpShop\base\Db' not found | 
        Файл: W:\domains\PhpShop\vendor\PhpShop\core\base\Model.php | 
        Строка 19
---------------
[2019-08-14 13:40:14] 
        Ошибка: Class 'PhpShop\base\Db' not found | 
        Файл: W:\domains\PhpShop\vendor\PhpShop\core\base\Model.php | 
        Строка 19
---------------
[2019-08-14 13:40:14] 
        Ошибка: Class 'PhpShop\base\Db' not found | 
        Файл: W:\domains\PhpShop\vendor\PhpShop\core\base\Model.php | 
        Строка 19
---------------
[2019-08-14 13:40:33] 
        Ошибка: Class 'PhpShop\base\Db' not found | 
        Файл: W:\domains\PhpShop\vendor\PhpShop\core\base\Model.php | 
        Строка 19
---------------
[2019-08-14 13:40:34] 
        Ошибка: Class 'Db' not found | 
        Файл: W:\domains\PhpShop\vendor\PhpShop\core\base\Model.php | 
        Строка 19
---------------
[2019-08-14 13:40:34] 
        Ошибка: Class 'Db' not found | 
        Файл: W:\domains\PhpShop\vendor\PhpShop\core\base\Model.php | 
        Строка 19
---------------
[2019-08-14 13:40:34] 
        Ошибка: Class 'Db' not found | 
        Файл: W:\domains\PhpShop\vendor\PhpShop\core\base\Model.php | 
        Строка 19
---------------
[2019-08-14 13:40:34] 
        Ошибка: Class 'Db' not found | 
        Файл: W:\domains\PhpShop\vendor\PhpShop\core\base\Model.php | 
        Строка 19
---------------
[2019-08-14 13:40:34] 
        Ошибка: Class 'Db' not found | 
        Файл: W:\domains\PhpShop\vendor\PhpShop\core\base\Model.php | 
        Строка 19
---------------
[2019-08-14 13:40:35] 
        Ошибка: Class 'Db' not found | 
        Файл: W:\domains\PhpShop\vendor\PhpShop\core\base\Model.php | 
        Строка 19
---------------
[2019-08-14 13:40:35] 
        Ошибка: Class 'Db' not found | 
        Файл: W:\domains\PhpShop\vendor\PhpShop\core\base\Model.php | 
        Строка 19
---------------
[2019-08-14 13:40:41] 
        Ошибка: Class 'Db' not found | 
        Файл: W:\domains\PhpShop\vendor\PhpShop\core\base\Model.php | 
        Строка 19
---------------
[2019-08-14 13:40:41] 
        Ошибка: Class 'PhpShop\base\Db' not found | 
        Файл: W:\domains\PhpShop\vendor\PhpShop\core\base\Model.php | 
        Строка 19
---------------
[2019-08-14 13:40:41] 
        Ошибка: Class 'PhpShop\base\Db' not found | 
        Файл: W:\domains\PhpShop\vendor\PhpShop\core\base\Model.php | 
        Строка 19
---------------
[2019-08-14 13:40:41] 
        Ошибка: Class 'PhpShop\base\Db' not found | 
        Файл: W:\domains\PhpShop\vendor\PhpShop\core\base\Model.php | 
        Строка 19
---------------
[2019-08-14 13:40:42] 
        Ошибка: Class 'PhpShop\base\Db' not found | 
        Файл: W:\domains\PhpShop\vendor\PhpShop\core\base\Model.php | 
        Строка 19
---------------
[2019-08-14 13:40:42] 
        Ошибка: Class 'PhpShop\base\Db' not found | 
        Файл: W:\domains\PhpShop\vendor\PhpShop\core\base\Model.php | 
        Строка 19
---------------
[2019-08-14 13:40:42] 
        Ошибка: Class 'PhpShop\base\Db' not found | 
        Файл: W:\domains\PhpShop\vendor\PhpShop\core\base\Model.php | 
        Строка 19
---------------
[2019-08-14 13:40:42] 
        Ошибка: Class 'PhpShop\base\Db' not found | 
        Файл: W:\domains\PhpShop\vendor\PhpShop\core\base\Model.php | 
        Строка 19
---------------
[2019-08-14 13:42:39] 
        Ошибка: Class 'PhpShop\R' not found | 
        Файл: W:\domains\PhpShop\vendor\PhpShop\core\Db.php | 
        Строка 19
---------------
[2019-08-14 13:42:39] 
        Ошибка: Class 'PhpShop\R' not found | 
        Файл: W:\domains\PhpShop\vendor\PhpShop\core\Db.php | 
        Строка 19
---------------
[2019-08-14 13:42:39] 
        Ошибка: Class 'PhpShop\R' not found | 
        Файл: W:\domains\PhpShop\vendor\PhpShop\core\Db.php | 
        Строка 19
---------------
[2019-08-14 13:42:39] 
        Ошибка: Class 'PhpShop\R' not found | 
        Файл: W:\domains\PhpShop\vendor\PhpShop\core\Db.php | 
        Строка 19
---------------
[2019-08-14 13:42:39] 
        Ошибка: Class 'PhpShop\R' not found | 
        Файл: W:\domains\PhpShop\vendor\PhpShop\core\Db.php | 
        Строка 19
---------------
[2019-08-14 13:42:43] 
        Ошибка: Class 'PhpShop\R' not found | 
        Файл: W:\domains\PhpShop\vendor\PhpShop\core\Db.php | 
        Строка 19
---------------
[2019-08-14 13:42:43] 
        Ошибка: Class 'PhpShop\R' not found | 
        Файл: W:\domains\PhpShop\vendor\PhpShop\core\Db.php | 
        Строка 19
---------------
[2019-08-14 13:42:43] 
        Ошибка: Class 'PhpShop\R' not found | 
        Файл: W:\domains\PhpShop\vendor\PhpShop\core\Db.php | 
        Строка 19
---------------
[2019-08-14 13:42:43] 
        Ошибка: Class 'PhpShop\R' not found | 
        Файл: W:\domains\PhpShop\vendor\PhpShop\core\Db.php | 
        Строка 19
---------------
[2019-08-14 13:42:43] 
        Ошибка: Class 'PhpShop\R' not found | 
        Файл: W:\domains\PhpShop\vendor\PhpShop\core\Db.php | 
        Строка 19
---------------
[2019-08-14 13:42:44] 
        Ошибка: Class 'PhpShop\R' not found | 
        Файл: W:\domains\PhpShop\vendor\PhpShop\core\Db.php | 
        Строка 19
---------------
[2019-08-14 13:42:44] 
        Ошибка: Class 'PhpShop\R' not found | 
        Файл: W:\domains\PhpShop\vendor\PhpShop\core\Db.php | 
        Строка 19
---------------
[2019-08-14 13:43:07] 
        Ошибка: Class 'PhpShop\R' not found | 
        Файл: W:\domains\PhpShop\vendor\PhpShop\core\Db.php | 
        Строка 19
---------------
[2019-08-15 12:09:50] 
        Ошибка: Страница не найдена | 
        Файл: W:\domains\PhpShop\vendor\PhpShop\core\Router.php | 
        Строка 46
---------------
